
2009-06-12 02:32:42...Begin System Check Process *************
2009-06-12 02:32:42...Found at least one supported DB Type
2009-06-12 02:32:42...XML Parsing Support Found
2009-06-12 02:32:42...MBString Support Found
2009-06-12 02:32:42...Session Save Path is c:/wamp/tmp
2009-06-12 02:32:42.../custom directory and subdirectory check passed
2009-06-12 02:32:42.../data/upoad directory and subdirectory check passed
2009-06-12 02:32:42.../cache directory and subdirectory check passed
2009-06-12 02:32:45.../module  directory and subdirectory check passed
2009-06-12 02:32:45...php.ini location found. C:\wamp\bin\apache\Apache2.2.11\bin\php.ini
2009-06-12 02:32:45...Outputting HTML for System check
2009-06-12 02:32:45...No Errors were found *************
2009-06-12 02:33:36...Begin DB Check Process *************
2009-06-12 02:33:36...Basic form info is valid, continuing Process.
2009-06-12 02:33:36...testing with mysql
2009-06-12 02:33:36...MySQLI library detected
2009-06-12 02:33:36...Connection made using  host: localhost, usr: root
2009-06-12 02:33:36...Testing priviliged account...
2009-06-12 02:33:36...Connection made for Privileged admin account using  host: localhost, usr: root
2009-06-12 02:33:36...DB not selected, will create sugarcrm
2009-06-12 02:33:36...Passed DB Version check, version is 5.1.33
2009-06-12 02:33:36...SUCCESS:: no errors detected!
2009-06-12 02:33:36...End DB Check Process *************
2009-06-12 02:34:17...calling handleSugarConfig()
2009-06-12 02:34:17...calling handleLog4Php()
2009-06-12 02:34:17...calling handleHtaccess()
2009-06-12 02:34:17...calling handleDbCreateDatabase()
2009-06-12 02:34:18...looping through all the Beans and create their tables
2009-06-12 02:34:18...processing table relationships
2009-06-12 02:34:18...dropping table relationships
2009-06-12 02:34:18...creating table relationships
2009-06-12 02:34:18...creating Relationship Meta for Relationship
2009-06-12 02:34:18...processing table acl_roles
2009-06-12 02:34:18...dropping table acl_roles
2009-06-12 02:34:18...creating table acl_roles
2009-06-12 02:34:18...creating Relationship Meta for ACLRole
2009-06-12 02:34:18...processing table acl_actions
2009-06-12 02:34:18...dropping table acl_actions
2009-06-12 02:34:18...creating table acl_actions
2009-06-12 02:34:18...creating Relationship Meta for ACLAction
2009-06-12 02:34:19...processing table leads
2009-06-12 02:34:19...dropping table leads
2009-06-12 02:34:19...creating table leads
2009-06-12 02:34:19...creating Relationship Meta for Lead
2009-06-12 02:34:19...processing table contacts
2009-06-12 02:34:19...dropping table contacts
2009-06-12 02:34:19...creating table contacts
2009-06-12 02:34:19...creating Relationship Meta for Contact
2009-06-12 02:34:19...processing table accounts
2009-06-12 02:34:19...dropping table accounts
2009-06-12 02:34:19...creating table accounts
2009-06-12 02:34:19...creating Relationship Meta for Account
2009-06-12 02:34:20...processing table opportunities
2009-06-12 02:34:20...dropping table opportunities
2009-06-12 02:34:20...creating table opportunities
2009-06-12 02:34:20...creating Relationship Meta for Opportunity
2009-06-12 02:34:20...processing table cases
2009-06-12 02:34:20...dropping table cases
2009-06-12 02:34:20...creating table cases
2009-06-12 02:34:20...creating Relationship Meta for Case
2009-06-12 02:34:20...processing table notes
2009-06-12 02:34:20...dropping table notes
2009-06-12 02:34:20...creating table notes
2009-06-12 02:34:20...creating Relationship Meta for Note
2009-06-12 02:34:20...processing table email_templates
2009-06-12 02:34:20...dropping table email_templates
2009-06-12 02:34:21...creating table email_templates
2009-06-12 02:34:21...creating Relationship Meta for EmailTemplate
2009-06-12 02:34:21...processing table emailman
2009-06-12 02:34:21...dropping table emailman
2009-06-12 02:34:21...creating table emailman
2009-06-12 02:34:21...creating Relationship Meta for EmailMan
2009-06-12 02:34:21...processing table calls
2009-06-12 02:34:21...dropping table calls
2009-06-12 02:34:21...creating table calls
2009-06-12 02:34:21...creating Relationship Meta for Call
2009-06-12 02:34:21...processing table emails
2009-06-12 02:34:21...dropping table emails
2009-06-12 02:34:21...creating table emails
2009-06-12 02:34:21...creating Relationship Meta for Email
2009-06-12 02:34:21...processing table meetings
2009-06-12 02:34:21...dropping table meetings
2009-06-12 02:34:21...creating table meetings
2009-06-12 02:34:21...creating Relationship Meta for Meeting
2009-06-12 02:34:21...processing table iframes
2009-06-12 02:34:21...dropping table iframes
2009-06-12 02:34:22...creating table iframes
2009-06-12 02:34:22...creating Relationship Meta for iFrame
2009-06-12 02:34:22...processing table tasks
2009-06-12 02:34:22...dropping table tasks
2009-06-12 02:34:22...creating table tasks
2009-06-12 02:34:22...creating Relationship Meta for Task
2009-06-12 02:34:22...processing table users
2009-06-12 02:34:22...dropping table users
2009-06-12 02:34:22...creating table users
2009-06-12 02:34:22...creating Relationship Meta for User
2009-06-12 02:34:22...processing table users
2009-06-12 02:34:22...processing table currencies
2009-06-12 02:34:22...dropping table currencies
2009-06-12 02:34:22...creating table currencies
2009-06-12 02:34:22...creating Relationship Meta for Currency
2009-06-12 02:34:22...processing table tracker
2009-06-12 02:34:22...dropping table tracker
2009-06-12 02:34:22...creating table tracker
2009-06-12 02:34:22...creating Relationship Meta for Tracker
2009-06-12 02:34:22...processing table import_maps
2009-06-12 02:34:22...dropping table import_maps
2009-06-12 02:34:22...creating table import_maps
2009-06-12 02:34:22...creating Relationship Meta for ImportMap
2009-06-12 02:34:22...processing table users_last_import
2009-06-12 02:34:22...dropping table users_last_import
2009-06-12 02:34:22...creating table users_last_import
2009-06-12 02:34:22...creating Relationship Meta for UsersLastImport
2009-06-12 02:34:22...processing table config
2009-06-12 02:34:22...dropping table config
2009-06-12 02:34:22...creating table config
2009-06-12 02:34:22...creating Relationship Meta for Administration
2009-06-12 02:34:22...processing table upgrade_history
2009-06-12 02:34:22...dropping table upgrade_history
2009-06-12 02:34:22...creating table upgrade_history
2009-06-12 02:34:22...creating Relationship Meta for UpgradeHistory
2009-06-12 02:34:23...processing table vcals
2009-06-12 02:34:23...dropping table vcals
2009-06-12 02:34:23...creating table vcals
2009-06-12 02:34:23...creating Relationship Meta for vCal
2009-06-12 02:34:23...processing table bugs
2009-06-12 02:34:23...dropping table bugs
2009-06-12 02:34:23...creating table bugs
2009-06-12 02:34:23...creating Relationship Meta for Bug
2009-06-12 02:34:23...processing table versions
2009-06-12 02:34:23...dropping table versions
2009-06-12 02:34:23...creating table versions
2009-06-12 02:34:23...creating Relationship Meta for Version
2009-06-12 02:34:23...processing table releases
2009-06-12 02:34:23...dropping table releases
2009-06-12 02:34:23...creating table releases
2009-06-12 02:34:23...creating Relationship Meta for Release
2009-06-12 02:34:23...processing table feeds
2009-06-12 02:34:23...dropping table feeds
2009-06-12 02:34:24...creating table feeds
2009-06-12 02:34:24...creating Relationship Meta for Feed
2009-06-12 02:34:24...processing table project
2009-06-12 02:34:24...dropping table project
2009-06-12 02:34:24...creating table project
2009-06-12 02:34:24...creating Relationship Meta for Project
2009-06-12 02:34:24...processing table project_task
2009-06-12 02:34:24...dropping table project_task
2009-06-12 02:34:24...creating table project_task
2009-06-12 02:34:24...creating Relationship Meta for ProjectTask
2009-06-12 02:34:24...processing table roles
2009-06-12 02:34:24...dropping table roles
2009-06-12 02:34:24...creating table roles
2009-06-12 02:34:24...creating Relationship Meta for Role
2009-06-12 02:34:24...processing table email_marketing
2009-06-12 02:34:24...dropping table email_marketing
2009-06-12 02:34:24...creating table email_marketing
2009-06-12 02:34:24...creating Relationship Meta for EmailMarketing
2009-06-12 02:34:24...processing table campaigns
2009-06-12 02:34:24...dropping table campaigns
2009-06-12 02:34:25...creating table campaigns
2009-06-12 02:34:25...creating Relationship Meta for Campaign
2009-06-12 02:34:25...processing table prospect_lists
2009-06-12 02:34:25...dropping table prospect_lists
2009-06-12 02:34:25...creating table prospect_lists
2009-06-12 02:34:25...creating Relationship Meta for ProspectList
2009-06-12 02:34:25...processing table prospects
2009-06-12 02:34:25...dropping table prospects
2009-06-12 02:34:25...creating table prospects
2009-06-12 02:34:25...creating Relationship Meta for Prospect
2009-06-12 02:34:25...processing table documents
2009-06-12 02:34:25...dropping table documents
2009-06-12 02:34:25...creating table documents
2009-06-12 02:34:25...creating Relationship Meta for Document
2009-06-12 02:34:25...processing table document_revisions
2009-06-12 02:34:25...dropping table document_revisions
2009-06-12 02:34:25...creating table document_revisions
2009-06-12 02:34:25...creating Relationship Meta for DocumentRevision
2009-06-12 02:34:25...processing table fields_meta_data
2009-06-12 02:34:25...dropping table fields_meta_data
2009-06-12 02:34:26...creating table fields_meta_data
2009-06-12 02:34:26...creating Relationship Meta for FieldsMetaData
2009-06-12 02:34:26...processing table schedulers
2009-06-12 02:34:26...dropping table schedulers
2009-06-12 02:34:26...creating table schedulers
2009-06-12 02:34:26...creating Relationship Meta for schedulers
2009-06-12 02:34:26...processing table schedulers_times
2009-06-12 02:34:26...dropping table schedulers_times
2009-06-12 02:34:26...creating table schedulers_times
2009-06-12 02:34:26...creating Relationship Meta for SchedulersJob
2009-06-12 02:34:26...processing table inbound_email
2009-06-12 02:34:26...dropping table inbound_email
2009-06-12 02:34:26...creating table inbound_email
2009-06-12 02:34:26...creating Relationship Meta for InboundEmail
2009-06-12 02:34:26...processing table users
2009-06-12 02:34:26...processing table campaign_log
2009-06-12 02:34:26...dropping table campaign_log
2009-06-12 02:34:26...creating table campaign_log
2009-06-12 02:34:26...creating Relationship Meta for CampaignLog
2009-06-12 02:34:26...processing table dashboards
2009-06-12 02:34:26...dropping table dashboards
2009-06-12 02:34:26...creating table dashboards
2009-06-12 02:34:26...creating Relationship Meta for Dashboard
2009-06-12 02:34:26...processing table campaign_trkrs
2009-06-12 02:34:26...dropping table campaign_trkrs
2009-06-12 02:34:26...creating table campaign_trkrs
2009-06-12 02:34:26...creating Relationship Meta for CampaignTracker
2009-06-12 02:34:26...processing table saved_search
2009-06-12 02:34:26...dropping table saved_search
2009-06-12 02:34:26...creating table saved_search
2009-06-12 02:34:26...creating Relationship Meta for SavedSearch
2009-06-12 02:34:26...processing table user_preferences
2009-06-12 02:34:26...dropping table user_preferences
2009-06-12 02:34:26...creating table user_preferences
2009-06-12 02:34:26...creating Relationship Meta for UserPreference
2009-06-12 02:34:26...processing table 
2009-06-12 02:34:26...processing table email_addresses
2009-06-12 02:34:26...dropping table email_addresses
2009-06-12 02:34:26...creating table email_addresses
2009-06-12 02:34:26...creating Relationship Meta for EmailAddress
2009-06-12 02:34:26...processing table sugarfeed
2009-06-12 02:34:26...dropping table sugarfeed
2009-06-12 02:34:26...creating table sugarfeed
2009-06-12 02:34:26...creating Relationship Meta for SugarFeed
2009-06-12 02:34:29...Begin creating Defaults
2009-06-12 02:34:29...insert defaults into config table
2009-06-12 02:34:29...Creating default users
2009-06-12 02:34:29...Creating default scheduler jobs
2009-06-12 02:34:29...populating the db with seed data
2009-06-12 02:34:29...Installation has completed *********
2009-06-23 01:25:38...Begin System Check Process *************
2009-06-23 01:25:38...Found at least one supported DB Type
2009-06-23 01:25:38...XML Parsing Support Found
2009-06-23 01:25:38...MBString Support Found
2009-06-23 01:25:38...Session Save Path is D:/wamp/tmp
2009-06-23 01:25:38.../custom directory and subdirectory check passed
2009-06-23 01:25:38.../data/upoad directory and subdirectory check passed
2009-06-23 01:25:38.../cache directory and subdirectory check passed
2009-06-23 01:25:40.../module  directory and subdirectory check passed
2009-06-23 01:25:40...php.ini location found. D:\wamp\bin\apache\Apache2.2.11\bin\php.ini
2009-06-23 01:25:40...Outputting HTML for System check
2009-06-23 01:25:40...No Errors were found *************
2009-06-23 01:26:11...Begin DB Check Process *************
2009-06-23 01:26:11...Basic form info is valid, continuing Process.
2009-06-23 01:26:11...testing with mysql
2009-06-23 01:26:11...MySQLI library detected
2009-06-23 01:26:11...Connection made using  host: localhost, usr: root
2009-06-23 01:26:11...Testing priviliged account...
2009-06-23 01:26:11...Connection made for Privileged admin account using  host: localhost, usr: root
2009-06-23 01:26:11...DB not selected, will create sugarcrm
2009-06-23 01:26:11...Passed DB Version check, version is 5.1.30
2009-06-23 01:26:11...SUCCESS:: no errors detected!
2009-06-23 01:26:11...End DB Check Process *************
2009-06-23 01:26:51...calling handleSugarConfig()
2009-06-23 01:26:51...calling handleLog4Php()
2009-06-23 01:26:51...calling handleHtaccess()
2009-06-23 01:26:51...calling handleDbCreateDatabase()
2009-06-23 01:26:51...looping through all the Beans and create their tables
2009-06-23 01:26:51...processing table relationships
2009-06-23 01:26:51...dropping table relationships
2009-06-23 01:26:51...creating table relationships
2009-06-23 01:26:51...creating Relationship Meta for Relationship
2009-06-23 01:26:51...processing table acl_roles
2009-06-23 01:26:51...dropping table acl_roles
2009-06-23 01:26:51...creating table acl_roles
2009-06-23 01:26:51...creating Relationship Meta for ACLRole
2009-06-23 01:26:51...processing table acl_actions
2009-06-23 01:26:51...dropping table acl_actions
2009-06-23 01:26:51...creating table acl_actions
2009-06-23 01:26:51...creating Relationship Meta for ACLAction
2009-06-23 01:26:51...processing table leads
2009-06-23 01:26:51...dropping table leads
2009-06-23 01:26:52...creating table leads
2009-06-23 01:26:52...creating Relationship Meta for Lead
2009-06-23 01:26:52...processing table contacts
2009-06-23 01:26:52...dropping table contacts
2009-06-23 01:26:52...creating table contacts
2009-06-23 01:26:52...creating Relationship Meta for Contact
2009-06-23 01:26:52...processing table accounts
2009-06-23 01:26:52...dropping table accounts
2009-06-23 01:26:52...creating table accounts
2009-06-23 01:26:52...creating Relationship Meta for Account
2009-06-23 01:26:52...processing table opportunities
2009-06-23 01:26:52...dropping table opportunities
2009-06-23 01:26:52...creating table opportunities
2009-06-23 01:26:52...creating Relationship Meta for Opportunity
2009-06-23 01:26:52...processing table cases
2009-06-23 01:26:52...dropping table cases
2009-06-23 01:26:52...creating table cases
2009-06-23 01:26:52...creating Relationship Meta for Case
2009-06-23 01:26:52...processing table notes
2009-06-23 01:26:52...dropping table notes
2009-06-23 01:26:52...creating table notes
2009-06-23 01:26:52...creating Relationship Meta for Note
2009-06-23 01:26:52...processing table email_templates
2009-06-23 01:26:52...dropping table email_templates
2009-06-23 01:26:52...creating table email_templates
2009-06-23 01:26:52...creating Relationship Meta for EmailTemplate
2009-06-23 01:26:52...processing table emailman
2009-06-23 01:26:52...dropping table emailman
2009-06-23 01:26:52...creating table emailman
2009-06-23 01:26:52...creating Relationship Meta for EmailMan
2009-06-23 01:26:52...processing table calls
2009-06-23 01:26:52...dropping table calls
2009-06-23 01:26:52...creating table calls
2009-06-23 01:26:52...creating Relationship Meta for Call
2009-06-23 01:26:52...processing table emails
2009-06-23 01:26:52...dropping table emails
2009-06-23 01:26:52...creating table emails
2009-06-23 01:26:52...creating Relationship Meta for Email
2009-06-23 01:26:52...processing table meetings
2009-06-23 01:26:52...dropping table meetings
2009-06-23 01:26:52...creating table meetings
2009-06-23 01:26:52...creating Relationship Meta for Meeting
2009-06-23 01:26:53...processing table iframes
2009-06-23 01:26:53...dropping table iframes
2009-06-23 01:26:53...creating table iframes
2009-06-23 01:26:53...creating Relationship Meta for iFrame
2009-06-23 01:26:53...processing table tasks
2009-06-23 01:26:53...dropping table tasks
2009-06-23 01:26:53...creating table tasks
2009-06-23 01:26:53...creating Relationship Meta for Task
2009-06-23 01:26:53...processing table users
2009-06-23 01:26:53...dropping table users
2009-06-23 01:26:53...creating table users
2009-06-23 01:26:53...creating Relationship Meta for User
2009-06-23 01:26:53...processing table users
2009-06-23 01:26:53...processing table currencies
2009-06-23 01:26:53...dropping table currencies
2009-06-23 01:26:53...creating table currencies
2009-06-23 01:26:53...creating Relationship Meta for Currency
2009-06-23 01:26:53...processing table tracker
2009-06-23 01:26:53...dropping table tracker
2009-06-23 01:26:53...creating table tracker
2009-06-23 01:26:53...creating Relationship Meta for Tracker
2009-06-23 01:26:53...processing table import_maps
2009-06-23 01:26:53...dropping table import_maps
2009-06-23 01:26:53...creating table import_maps
2009-06-23 01:26:53...creating Relationship Meta for ImportMap
2009-06-23 01:26:53...processing table users_last_import
2009-06-23 01:26:53...dropping table users_last_import
2009-06-23 01:26:53...creating table users_last_import
2009-06-23 01:26:53...creating Relationship Meta for UsersLastImport
2009-06-23 01:26:53...processing table config
2009-06-23 01:26:53...dropping table config
2009-06-23 01:26:53...creating table config
2009-06-23 01:26:53...creating Relationship Meta for Administration
2009-06-23 01:26:53...processing table upgrade_history
2009-06-23 01:26:53...dropping table upgrade_history
2009-06-23 01:26:53...creating table upgrade_history
2009-06-23 01:26:53...creating Relationship Meta for UpgradeHistory
2009-06-23 01:26:53...processing table vcals
2009-06-23 01:26:53...dropping table vcals
2009-06-23 01:26:53...creating table vcals
2009-06-23 01:26:53...creating Relationship Meta for vCal
2009-06-23 01:26:53...processing table bugs
2009-06-23 01:26:53...dropping table bugs
2009-06-23 01:26:53...creating table bugs
2009-06-23 01:26:53...creating Relationship Meta for Bug
2009-06-23 01:26:53...processing table versions
2009-06-23 01:26:53...dropping table versions
2009-06-23 01:26:53...creating table versions
2009-06-23 01:26:53...creating Relationship Meta for Version
2009-06-23 01:26:53...processing table releases
2009-06-23 01:26:53...dropping table releases
2009-06-23 01:26:53...creating table releases
2009-06-23 01:26:53...creating Relationship Meta for Release
2009-06-23 01:26:53...processing table feeds
2009-06-23 01:26:53...dropping table feeds
2009-06-23 01:26:54...creating table feeds
2009-06-23 01:26:54...creating Relationship Meta for Feed
2009-06-23 01:26:54...processing table project
2009-06-23 01:26:54...dropping table project
2009-06-23 01:26:54...creating table project
2009-06-23 01:26:54...creating Relationship Meta for Project
2009-06-23 01:26:54...processing table project_task
2009-06-23 01:26:54...dropping table project_task
2009-06-23 01:26:54...creating table project_task
2009-06-23 01:26:54...creating Relationship Meta for ProjectTask
2009-06-23 01:26:54...processing table roles
2009-06-23 01:26:54...dropping table roles
2009-06-23 01:26:54...creating table roles
2009-06-23 01:26:54...creating Relationship Meta for Role
2009-06-23 01:26:54...processing table email_marketing
2009-06-23 01:26:54...dropping table email_marketing
2009-06-23 01:26:54...creating table email_marketing
2009-06-23 01:26:54...creating Relationship Meta for EmailMarketing
2009-06-23 01:26:54...processing table campaigns
2009-06-23 01:26:54...dropping table campaigns
2009-06-23 01:26:54...creating table campaigns
2009-06-23 01:26:54...creating Relationship Meta for Campaign
2009-06-23 01:26:54...processing table prospect_lists
2009-06-23 01:26:54...dropping table prospect_lists
2009-06-23 01:26:54...creating table prospect_lists
2009-06-23 01:26:54...creating Relationship Meta for ProspectList
2009-06-23 01:26:54...processing table prospects
2009-06-23 01:26:54...dropping table prospects
2009-06-23 01:26:54...creating table prospects
2009-06-23 01:26:54...creating Relationship Meta for Prospect
2009-06-23 01:26:54...processing table documents
2009-06-23 01:26:54...dropping table documents
2009-06-23 01:26:54...creating table documents
2009-06-23 01:26:54...creating Relationship Meta for Document
2009-06-23 01:26:54...processing table document_revisions
2009-06-23 01:26:54...dropping table document_revisions
2009-06-23 01:26:54...creating table document_revisions
2009-06-23 01:26:54...creating Relationship Meta for DocumentRevision
2009-06-23 01:26:54...processing table fields_meta_data
2009-06-23 01:26:54...dropping table fields_meta_data
2009-06-23 01:26:54...creating table fields_meta_data
2009-06-23 01:26:54...creating Relationship Meta for FieldsMetaData
2009-06-23 01:26:54...processing table schedulers
2009-06-23 01:26:54...dropping table schedulers
2009-06-23 01:26:54...creating table schedulers
2009-06-23 01:26:54...creating Relationship Meta for schedulers
2009-06-23 01:26:54...processing table schedulers_times
2009-06-23 01:26:54...dropping table schedulers_times
2009-06-23 01:26:54...creating table schedulers_times
2009-06-23 01:26:54...creating Relationship Meta for SchedulersJob
2009-06-23 01:26:55...processing table inbound_email
2009-06-23 01:26:55...dropping table inbound_email
2009-06-23 01:26:55...creating table inbound_email
2009-06-23 01:26:55...creating Relationship Meta for InboundEmail
2009-06-23 01:26:55...processing table users
2009-06-23 01:26:55...processing table campaign_log
2009-06-23 01:26:55...dropping table campaign_log
2009-06-23 01:26:55...creating table campaign_log
2009-06-23 01:26:55...creating Relationship Meta for CampaignLog
2009-06-23 01:26:55...processing table dashboards
2009-06-23 01:26:55...dropping table dashboards
2009-06-23 01:26:55...creating table dashboards
2009-06-23 01:26:55...creating Relationship Meta for Dashboard
2009-06-23 01:26:55...processing table campaign_trkrs
2009-06-23 01:26:55...dropping table campaign_trkrs
2009-06-23 01:26:55...creating table campaign_trkrs
2009-06-23 01:26:55...creating Relationship Meta for CampaignTracker
2009-06-23 01:26:55...processing table saved_search
2009-06-23 01:26:55...dropping table saved_search
2009-06-23 01:26:55...creating table saved_search
2009-06-23 01:26:55...creating Relationship Meta for SavedSearch
2009-06-23 01:26:55...processing table user_preferences
2009-06-23 01:26:55...dropping table user_preferences
2009-06-23 01:26:55...creating table user_preferences
2009-06-23 01:26:55...creating Relationship Meta for UserPreference
2009-06-23 01:26:55...processing table 
2009-06-23 01:26:55...processing table email_addresses
2009-06-23 01:26:55...dropping table email_addresses
2009-06-23 01:26:55...creating table email_addresses
2009-06-23 01:26:55...creating Relationship Meta for EmailAddress
2009-06-23 01:26:55...processing table sugarfeed
2009-06-23 01:26:55...dropping table sugarfeed
2009-06-23 01:26:55...creating table sugarfeed
2009-06-23 01:26:55...creating Relationship Meta for SugarFeed
2009-06-23 01:26:56...Begin creating Defaults
2009-06-23 01:26:56...insert defaults into config table
2009-06-23 01:26:56...Creating default users
2009-06-23 01:26:56...Creating default scheduler jobs
2009-06-23 01:26:56...populating the db with seed data
2009-06-23 01:26:56...Installation has completed *********