06/30/09 16:03:50 [8688][-none-][FATAL] FAILED LOGIN:attempts[1] - admin
06/30/09 16:04:03 [8688][-none-][FATAL] FAILED LOGIN:attempts[1] - admin
06/30/09 17:35:03 [8688][1][FATAL] HTTP Error: CURL Extension, or OpenSSL extension w/ PHP version >= 4.3 is required for HTTPS
06/30/09 17:35:03 [8688][1][FATAL] 
06/30/09 17:35:03 [8688][1][FATAL] HTTP Error: CURL Extension, or OpenSSL extension w/ PHP version >= 4.3 is required for HTTPS
06/30/09 17:35:03 [8688][1][FATAL] 
06/30/09 18:11:10 [8688][1][FATAL] HTTP Error: CURL Extension, or OpenSSL extension w/ PHP version >= 4.3 is required for HTTPS
06/30/09 18:11:10 [8688][1][FATAL] 
06/30/09 18:11:10 [8688][1][FATAL] HTTP Error: CURL Extension, or OpenSSL extension w/ PHP version >= 4.3 is required for HTTPS
06/30/09 18:11:10 [8688][1][FATAL] 
06/30/09 18:11:29 [8688][1][FATAL] HTTP Error: CURL Extension, or OpenSSL extension w/ PHP version >= 4.3 is required for HTTPS
06/30/09 18:11:29 [8688][1][FATAL] 
06/30/09 18:11:29 [8688][1][FATAL] HTTP Error: CURL Extension, or OpenSSL extension w/ PHP version >= 4.3 is required for HTTPS
06/30/09 18:11:29 [8688][1][FATAL] 
06/30/09 18:11:37 [8688][1][FATAL] HTTP Error: CURL Extension, or OpenSSL extension w/ PHP version >= 4.3 is required for HTTPS
06/30/09 18:11:37 [8688][1][FATAL] 
06/30/09 18:11:37 [8688][1][FATAL] HTTP Error: CURL Extension, or OpenSSL extension w/ PHP version >= 4.3 is required for HTTPS
06/30/09 18:11:37 [8688][1][FATAL] 
07/02/09 10:39:52 [5940][1][FATAL] UndeployedMetaDataImplementation->getFileName(): view type working is not recognized
07/02/09 10:40:21 [5940][1][FATAL] UndeployedMetaDataImplementation->getFileName(): view type working is not recognized
07/02/09 10:40:22 [5940][1][FATAL] UndeployedMetaDataImplementation->getFileName(): view type working is not recognized
07/02/09 10:40:35 [5940][1][FATAL] UndeployedMetaDataImplementation->getFileName(): view type working is not recognized
07/02/09 11:03:12 [5940][1][FATAL] HTTP Error: no data present after HTTP headers
07/02/09 11:03:12 [5940][1][FATAL] HTTP/1.1 100 Continue

HTTP/1.0 500 Internal Server Error
Date: Thu, 02 Jul 2009 03:11:47 GMT
Server: Apache/2.2.3 (CentOS)
Set-Cookie: PHPSESSID=gndsecgj3ihq93hjcrdjggkqa3; path=/
Expires: Thu, 19 Nov 1981 08:52:00 GMT
Cache-Control: no-store, no-cache, must-revalidate, post-check=0, pre-check=0
Pragma: no-cache
Content-Length: 0
Connection: close
Content-Type: text/html; charset=UTF-8


07/02/09 11:03:13 [5940][1][FATAL] HTTP Error: no data present after HTTP headers
07/02/09 11:03:13 [5940][1][FATAL] HTTP/1.0 500 Internal Server Error
Date: Thu, 02 Jul 2009 03:11:49 GMT
Server: Apache/2.2.3 (CentOS)
Set-Cookie: PHPSESSID=b4sqg9rsmtgupqj4pokitfgiv0; path=/
Expires: Thu, 19 Nov 1981 08:52:00 GMT
Cache-Control: no-store, no-cache, must-revalidate, post-check=0, pre-check=0
Pragma: no-cache
Content-Length: 0
Connection: close
Content-Type: text/html; charset=UTF-8


07/02/09 11:03:53 [5940][1][FATAL] HTTP Error: no data present after HTTP headers
07/02/09 11:03:53 [5940][1][FATAL] HTTP/1.1 100 Continue

HTTP/1.0 500 Internal Server Error
Date: Thu, 02 Jul 2009 03:12:28 GMT
Server: Apache/2.2.3 (CentOS)
Set-Cookie: PHPSESSID=rfst39udnn5p1o0kbgpn1rgch2; path=/
Expires: Thu, 19 Nov 1981 08:52:00 GMT
Cache-Control: no-store, no-cache, must-revalidate, post-check=0, pre-check=0
Pragma: no-cache
Content-Length: 0
Connection: close
Content-Type: text/html; charset=UTF-8


07/02/09 11:03:54 [5940][1][FATAL] HTTP Error: no data present after HTTP headers
07/02/09 11:03:54 [5940][1][FATAL] HTTP/1.0 500 Internal Server Error
Date: Thu, 02 Jul 2009 03:12:29 GMT
Server: Apache/2.2.3 (CentOS)
Set-Cookie: PHPSESSID=mptv2npupt9eotr4glq9g0ull3; path=/
Expires: Thu, 19 Nov 1981 08:52:00 GMT
Cache-Control: no-store, no-cache, must-revalidate, post-check=0, pre-check=0
Pragma: no-cache
Content-Length: 0
Connection: close
Content-Type: text/html; charset=UTF-8


07/02/09 11:04:39 [5940][1][FATAL] HTTP Error: no data present after HTTP headers
07/02/09 11:04:39 [5940][1][FATAL] HTTP/1.1 100 Continue

HTTP/1.0 500 Internal Server Error
Date: Thu, 02 Jul 2009 03:13:13 GMT
Server: Apache/2.2.3 (CentOS)
Set-Cookie: PHPSESSID=cl3rgbvcgasn7olkh1te9icho1; path=/
Expires: Thu, 19 Nov 1981 08:52:00 GMT
Cache-Control: no-store, no-cache, must-revalidate, post-check=0, pre-check=0
Pragma: no-cache
Content-Length: 0
Connection: close
Content-Type: text/html; charset=UTF-8


07/02/09 11:04:42 [5940][1][FATAL] HTTP Error: no data present after HTTP headers
07/02/09 11:04:42 [5940][1][FATAL] HTTP/1.1 100 Continue

HTTP/1.0 500 Internal Server Error
Date: Thu, 02 Jul 2009 03:13:16 GMT
Server: Apache/2.2.3 (CentOS)
Expires: Thu, 19 Nov 1981 08:52:00 GMT
Cache-Control: no-store, no-cache, must-revalidate, post-check=0, pre-check=0
Pragma: no-cache
Content-Length: 0
Connection: close
Content-Type: text/html; charset=UTF-8


07/02/09 11:04:43 [5940][1][FATAL] HTTP Error: no data present after HTTP headers
07/02/09 11:04:43 [5940][1][FATAL] HTTP/1.0 500 Internal Server Error
Date: Thu, 02 Jul 2009 03:13:17 GMT
Server: Apache/2.2.3 (CentOS)
Set-Cookie: PHPSESSID=h53r9k1qesij17lnea9i2ht4t2; path=/
Expires: Thu, 19 Nov 1981 08:52:00 GMT
Cache-Control: no-store, no-cache, must-revalidate, post-check=0, pre-check=0
Pragma: no-cache
Content-Length: 0
Connection: close
Content-Type: text/html; charset=UTF-8


07/02/09 11:11:44 [5940][1][FATAL] UndeployedMetaDataImplementation->getFileName(): view type working is not recognized
07/02/09 11:13:01 [5940][1][FATAL] UndeployedMetaDataImplementation->getFileName(): view type working is not recognized
07/02/09 11:17:51 [5940][1][FATAL] UndeployedMetaDataImplementation->getFileName(): view type working is not recognized
07/02/09 11:17:51 [5940][1][FATAL] UndeployedMetaDataImplementation->getFileName(): view type working is not recognized
07/02/09 11:17:51 [5940][1][FATAL] UndeployedMetaDataImplementation->getFileName(): view type working is not recognized
07/02/09 11:17:55 [5940][1][FATAL] UndeployedMetaDataImplementation->getFileName(): view type working is not recognized
07/02/09 11:17:55 [5940][1][FATAL] UndeployedMetaDataImplementation->getFileName(): view type working is not recognized
07/02/09 11:17:55 [5940][1][FATAL] UndeployedMetaDataImplementation->getFileName(): view type working is not recognized
07/02/09 11:18:00 [5940][1][FATAL] UndeployedMetaDataImplementation->getFileName(): view type working is not recognized
07/02/09 11:18:03 [5940][1][FATAL] UndeployedMetaDataImplementation->getFileName(): view type working is not recognized
07/02/09 11:18:06 [5940][1][FATAL] UndeployedMetaDataImplementation->getFileName(): view type working is not recognized
07/02/09 11:18:35 [5940][1][FATAL] UndeployedMetaDataImplementation->getFileName(): view type working is not recognized
07/02/09 11:18:35 [5940][1][FATAL] UndeployedMetaDataImplementation->getFileName(): view type working is not recognized
07/02/09 11:18:35 [5940][1][FATAL] UndeployedMetaDataImplementation->getFileName(): view type working is not recognized
07/02/09 11:41:24 [5940][1][FATAL] Missing relationship definition hrm_employees_hrm_hr_report. skipping hrm_employees_hrm_hr_report subpanel
07/02/09 11:44:22 [5940][1][FATAL] Missing relationship definition hrm_employees_hrm_hr_report. skipping hrm_employees_hrm_hr_report subpanel
07/02/09 11:47:09 [5940][1][FATAL] HTTP Error: no data present after HTTP headers
07/02/09 11:47:09 [5940][1][FATAL] HTTP/1.1 100 Continue

HTTP/1.0 500 Internal Server Error
Date: Thu, 02 Jul 2009 03:55:40 GMT
Server: Apache/2.2.3 (CentOS)
Set-Cookie: PHPSESSID=b09uv5eufh6k85ojv3ir087jv0; path=/
Expires: Thu, 19 Nov 1981 08:52:00 GMT
Cache-Control: no-store, no-cache, must-revalidate, post-check=0, pre-check=0
Pragma: no-cache
Content-Length: 0
Connection: close
Content-Type: text/html; charset=UTF-8


07/02/09 11:47:11 [5940][1][FATAL] HTTP Error: no data present after HTTP headers
07/02/09 11:47:11 [5940][1][FATAL] HTTP/1.1 100 Continue

HTTP/1.0 500 Internal Server Error
Date: Thu, 02 Jul 2009 03:55:43 GMT
Server: Apache/2.2.3 (CentOS)
Expires: Thu, 19 Nov 1981 08:52:00 GMT
Cache-Control: no-store, no-cache, must-revalidate, post-check=0, pre-check=0
Pragma: no-cache
Content-Length: 0
Connection: close
Content-Type: text/html; charset=UTF-8


07/02/09 11:47:12 [5940][1][FATAL] HTTP Error: no data present after HTTP headers
07/02/09 11:47:12 [5940][1][FATAL] HTTP/1.0 500 Internal Server Error
Date: Thu, 02 Jul 2009 03:55:44 GMT
Server: Apache/2.2.3 (CentOS)
Set-Cookie: PHPSESSID=3mpsdk4k2eusj2nifnfc0k9f52; path=/
Expires: Thu, 19 Nov 1981 08:52:00 GMT
Cache-Control: no-store, no-cache, must-revalidate, post-check=0, pre-check=0
Pragma: no-cache
Content-Length: 0
Connection: close
Content-Type: text/html; charset=UTF-8


07/02/09 11:47:29 [5940][1][FATAL] HTTP Error: no data present after HTTP headers
07/02/09 11:47:29 [5940][1][FATAL] HTTP/1.1 100 Continue

HTTP/1.0 500 Internal Server Error
Date: Thu, 02 Jul 2009 03:56:01 GMT
Server: Apache/2.2.3 (CentOS)
Set-Cookie: PHPSESSID=imr75ctdkurcjbce351t5rg545; path=/
Expires: Thu, 19 Nov 1981 08:52:00 GMT
Cache-Control: no-store, no-cache, must-revalidate, post-check=0, pre-check=0
Pragma: no-cache
Content-Length: 0
Connection: close
Content-Type: text/html; charset=UTF-8


07/02/09 11:47:30 [5940][1][FATAL] HTTP Error: no data present after HTTP headers
07/02/09 11:47:30 [5940][1][FATAL] HTTP/1.0 500 Internal Server Error
Date: Thu, 02 Jul 2009 03:56:02 GMT
Server: Apache/2.2.3 (CentOS)
Set-Cookie: PHPSESSID=p7d5a9dn1i14vbsev926fo8g51; path=/
Expires: Thu, 19 Nov 1981 08:52:00 GMT
Cache-Control: no-store, no-cache, must-revalidate, post-check=0, pre-check=0
Pragma: no-cache
Content-Length: 0
Connection: close
Content-Type: text/html; charset=UTF-8


07/02/09 12:02:42 [272][-none-][FATAL] SECURITY: User authentication for admin failed
07/02/09 12:02:42 [272][-none-][FATAL] FAILED LOGIN:attempts[1] - admin
07/02/09 12:02:48 [272][-none-][FATAL] SECURITY: User authentication for admin failed
07/02/09 12:02:48 [272][-none-][FATAL] FAILED LOGIN:attempts[1] - admin
07/02/09 12:04:48 [272][1][FATAL] UndeployedMetaDataImplementation->getFileName(): view type working is not recognized
07/02/09 12:05:07 [272][1][FATAL] UndeployedMetaDataImplementation->getFileName(): view type working is not recognized
07/02/09 12:05:08 [272][1][FATAL] UndeployedMetaDataImplementation->getFileName(): view type working is not recognized
07/02/09 12:05:08 [272][1][FATAL] UndeployedMetaDataImplementation->getFileName(): view type working is not recognized
07/02/09 12:05:08 [272][1][FATAL] UndeployedMetaDataImplementation->getFileName(): view type working is not recognized
07/02/09 12:05:08 [272][1][FATAL] UndeployedMetaDataImplementation->getFileName(): view type working is not recognized
07/02/09 12:05:08 [272][1][FATAL] UndeployedMetaDataImplementation->getFileName(): view type working is not recognized
07/02/09 12:05:08 [272][1][FATAL] UndeployedMetaDataImplementation->getFileName(): view type working is not recognized
07/02/09 12:05:12 [272][1][FATAL] UndeployedMetaDataImplementation->getFileName(): view type working is not recognized
07/02/09 12:05:12 [272][1][FATAL] UndeployedMetaDataImplementation->getFileName(): view type working is not recognized
07/02/09 12:05:12 [272][1][FATAL] UndeployedMetaDataImplementation->getFileName(): view type working is not recognized
07/02/09 12:05:13 [272][1][FATAL] UndeployedMetaDataImplementation->getFileName(): view type working is not recognized
07/02/09 12:05:13 [272][1][FATAL] UndeployedMetaDataImplementation->getFileName(): view type working is not recognized
07/02/09 12:05:13 [272][1][FATAL] UndeployedMetaDataImplementation->getFileName(): view type working is not recognized
07/02/09 12:05:13 [272][1][FATAL] UndeployedMetaDataImplementation->getFileName(): view type working is not recognized
07/02/09 12:05:17 [272][1][FATAL] UndeployedMetaDataImplementation->getFileName(): view type working is not recognized
07/02/09 12:05:18 [272][1][FATAL] UndeployedMetaDataImplementation->getFileName(): view type working is not recognized
07/02/09 12:05:18 [272][1][FATAL] UndeployedMetaDataImplementation->getFileName(): view type working is not recognized
07/02/09 12:05:18 [272][1][FATAL] UndeployedMetaDataImplementation->getFileName(): view type working is not recognized
07/02/09 12:05:18 [272][1][FATAL] UndeployedMetaDataImplementation->getFileName(): view type working is not recognized
07/02/09 12:05:18 [272][1][FATAL] UndeployedMetaDataImplementation->getFileName(): view type working is not recognized
07/02/09 12:05:18 [272][1][FATAL] UndeployedMetaDataImplementation->getFileName(): view type working is not recognized
07/02/09 12:05:23 [272][1][FATAL] UndeployedMetaDataImplementation->getFileName(): view type working is not recognized
07/02/09 12:05:23 [272][1][FATAL] UndeployedMetaDataImplementation->getFileName(): view type working is not recognized
07/02/09 12:05:23 [272][1][FATAL] UndeployedMetaDataImplementation->getFileName(): view type working is not recognized
07/02/09 12:05:23 [272][1][FATAL] UndeployedMetaDataImplementation->getFileName(): view type working is not recognized
07/02/09 12:05:23 [272][1][FATAL] UndeployedMetaDataImplementation->getFileName(): view type working is not recognized
07/02/09 12:05:23 [272][1][FATAL] UndeployedMetaDataImplementation->getFileName(): view type working is not recognized
07/02/09 12:05:23 [272][1][FATAL] UndeployedMetaDataImplementation->getFileName(): view type working is not recognized
07/02/09 12:05:27 [272][1][FATAL] UndeployedMetaDataImplementation->getFileName(): view type working is not recognized
07/02/09 12:05:27 [272][1][FATAL] UndeployedMetaDataImplementation->getFileName(): view type working is not recognized
07/02/09 12:05:27 [272][1][FATAL] UndeployedMetaDataImplementation->getFileName(): view type working is not recognized
07/02/09 12:05:27 [272][1][FATAL] UndeployedMetaDataImplementation->getFileName(): view type working is not recognized
07/02/09 12:05:28 [272][1][FATAL] UndeployedMetaDataImplementation->getFileName(): view type working is not recognized
07/02/09 12:05:28 [272][1][FATAL] UndeployedMetaDataImplementation->getFileName(): view type working is not recognized
07/02/09 12:05:28 [272][1][FATAL] UndeployedMetaDataImplementation->getFileName(): view type working is not recognized
07/02/09 12:05:32 [272][1][FATAL] UndeployedMetaDataImplementation->getFileName(): view type working is not recognized
07/02/09 12:05:32 [272][1][FATAL] UndeployedMetaDataImplementation->getFileName(): view type working is not recognized
07/02/09 12:05:32 [272][1][FATAL] UndeployedMetaDataImplementation->getFileName(): view type working is not recognized
07/02/09 12:05:33 [272][1][FATAL] UndeployedMetaDataImplementation->getFileName(): view type working is not recognized
07/02/09 12:05:33 [272][1][FATAL] UndeployedMetaDataImplementation->getFileName(): view type working is not recognized
07/02/09 12:05:33 [272][1][FATAL] UndeployedMetaDataImplementation->getFileName(): view type working is not recognized
07/02/09 12:05:33 [272][1][FATAL] UndeployedMetaDataImplementation->getFileName(): view type working is not recognized
07/02/09 12:06:05 [272][1][FATAL] UndeployedMetaDataImplementation->getFileName(): view type working is not recognized
07/02/09 12:06:13 [272][1][FATAL] UndeployedMetaDataImplementation->getFileName(): view type working is not recognized
07/02/09 12:07:22 [272][1][FATAL] UndeployedMetaDataImplementation->getFileName(): view type working is not recognized
07/02/09 12:07:22 [272][1][FATAL] UndeployedMetaDataImplementation->getFileName(): view type working is not recognized
07/02/09 12:07:22 [272][1][FATAL] UndeployedMetaDataImplementation->getFileName(): view type working is not recognized
07/02/09 12:07:25 [272][1][FATAL] UndeployedMetaDataImplementation->getFileName(): view type working is not recognized
07/02/09 12:07:28 [272][1][FATAL] UndeployedMetaDataImplementation->getFileName(): view type working is not recognized
07/02/09 12:07:44 [272][1][FATAL] UndeployedMetaDataImplementation->getFileName(): view type working is not recognized
07/02/09 12:07:44 [272][1][FATAL] UndeployedMetaDataImplementation->getFileName(): view type working is not recognized
07/02/09 12:07:44 [272][1][FATAL] UndeployedMetaDataImplementation->getFileName(): view type working is not recognized
07/02/09 12:07:45 [272][1][FATAL] UndeployedMetaDataImplementation->getFileName(): view type working is not recognized
07/02/09 12:08:28 [272][1][FATAL] UndeployedMetaDataImplementation->getFileName(): view type working is not recognized
07/02/09 12:08:28 [272][1][FATAL] UndeployedMetaDataImplementation->getFileName(): view type working is not recognized
07/02/09 12:08:28 [272][1][FATAL] UndeployedMetaDataImplementation->getFileName(): view type working is not recognized
07/02/09 12:08:37 [272][1][FATAL] UndeployedMetaDataImplementation->getFileName(): view type working is not recognized
07/02/09 12:08:52 [272][1][FATAL] UndeployedMetaDataImplementation->getFileName(): view type working is not recognized
07/02/09 12:09:00 [272][1][FATAL] UndeployedMetaDataImplementation->getFileName(): view type working is not recognized
07/02/09 12:09:40 [272][1][FATAL] UndeployedMetaDataImplementation->getFileName(): view type working is not recognized
07/02/09 12:09:40 [272][1][FATAL] UndeployedMetaDataImplementation->getFileName(): view type working is not recognized
07/02/09 12:09:40 [272][1][FATAL] UndeployedMetaDataImplementation->getFileName(): view type working is not recognized
07/02/09 12:11:22 [272][1][FATAL] HTTP Error: no data present after HTTP headers
07/02/09 12:11:22 [272][1][FATAL] HTTP/1.1 100 Continue

HTTP/1.0 500 Internal Server Error
Date: Thu, 02 Jul 2009 04:19:46 GMT
Server: Apache/2.2.3 (CentOS)
Set-Cookie: PHPSESSID=u19tkure9ukmdf6fev6kedge11; path=/
Expires: Thu, 19 Nov 1981 08:52:00 GMT
Cache-Control: no-store, no-cache, must-revalidate, post-check=0, pre-check=0
Pragma: no-cache
Content-Length: 0
Connection: close
Content-Type: text/html; charset=UTF-8


07/02/09 12:11:23 [272][1][FATAL] HTTP Error: no data present after HTTP headers
07/02/09 12:11:23 [272][1][FATAL] HTTP/1.0 500 Internal Server Error
Date: Thu, 02 Jul 2009 04:19:48 GMT
Server: Apache/2.2.3 (CentOS)
Set-Cookie: PHPSESSID=78m65on2vjbn5ngkofn1avd2n6; path=/
Expires: Thu, 19 Nov 1981 08:52:00 GMT
Cache-Control: no-store, no-cache, must-revalidate, post-check=0, pre-check=0
Pragma: no-cache
Content-Length: 0
Connection: close
Content-Type: text/html; charset=UTF-8


07/02/09 12:11:36 [272][1][FATAL] HTTP Error: no data present after HTTP headers
07/02/09 12:11:36 [272][1][FATAL] HTTP/1.1 100 Continue

HTTP/1.0 500 Internal Server Error
Date: Thu, 02 Jul 2009 04:20:01 GMT
Server: Apache/2.2.3 (CentOS)
Set-Cookie: PHPSESSID=09g2lmqvbdch4bcm958qtoe3a4; path=/
Expires: Thu, 19 Nov 1981 08:52:00 GMT
Cache-Control: no-store, no-cache, must-revalidate, post-check=0, pre-check=0
Pragma: no-cache
Content-Length: 0
Connection: close
Content-Type: text/html; charset=UTF-8


07/02/09 12:11:37 [272][1][FATAL] HTTP Error: no data present after HTTP headers
07/02/09 12:11:37 [272][1][FATAL] HTTP/1.0 500 Internal Server Error
Date: Thu, 02 Jul 2009 04:20:02 GMT
Server: Apache/2.2.3 (CentOS)
Set-Cookie: PHPSESSID=t8q5l24q0riutk5cmsb4raf9e5; path=/
Expires: Thu, 19 Nov 1981 08:52:00 GMT
Cache-Control: no-store, no-cache, must-revalidate, post-check=0, pre-check=0
Pragma: no-cache
Content-Length: 0
Connection: close
Content-Type: text/html; charset=UTF-8


07/02/09 12:11:58 [272][1][FATAL] HTTP Error: no data present after HTTP headers
07/02/09 12:11:58 [272][1][FATAL] HTTP/1.1 100 Continue

HTTP/1.0 500 Internal Server Error
Date: Thu, 02 Jul 2009 04:20:24 GMT
Server: Apache/2.2.3 (CentOS)
Set-Cookie: PHPSESSID=vdnnihifv0rqc3qhkimsk9qh97; path=/
Expires: Thu, 19 Nov 1981 08:52:00 GMT
Cache-Control: no-store, no-cache, must-revalidate, post-check=0, pre-check=0
Pragma: no-cache
Content-Length: 0
Connection: close
Content-Type: text/html; charset=UTF-8


07/02/09 12:12:01 [272][1][FATAL] HTTP Error: no data present after HTTP headers
07/02/09 12:12:01 [272][1][FATAL] HTTP/1.1 100 Continue

HTTP/1.0 500 Internal Server Error
Date: Thu, 02 Jul 2009 04:20:27 GMT
Server: Apache/2.2.3 (CentOS)
Expires: Thu, 19 Nov 1981 08:52:00 GMT
Cache-Control: no-store, no-cache, must-revalidate, post-check=0, pre-check=0
Pragma: no-cache
Content-Length: 0
Connection: close
Content-Type: text/html; charset=UTF-8


07/02/09 12:12:02 [272][1][FATAL] HTTP Error: no data present after HTTP headers
07/02/09 12:12:02 [272][1][FATAL] HTTP/1.0 500 Internal Server Error
Date: Thu, 02 Jul 2009 04:20:28 GMT
Server: Apache/2.2.3 (CentOS)
Set-Cookie: PHPSESSID=02iu5d3edkimhviu047psn2v67; path=/
Expires: Thu, 19 Nov 1981 08:52:00 GMT
Cache-Control: no-store, no-cache, must-revalidate, post-check=0, pre-check=0
Pragma: no-cache
Content-Length: 0
Connection: close
Content-Type: text/html; charset=UTF-8


